{"C:\\Users\\aryan\\OneDrive\\Desktop\\Notes-API\\src\\app.js": {"path":"C:\\Users\\aryan\\OneDrive\\Desktop\\Notes-API\\src\\app.js","statementMap":{"0":{"start":{"line":1,"column":16},"end":{"line":1,"column":34}},"1":{"start":{"line":2,"column":13},"end":{"line":2,"column":28}},"2":{"start":{"line":3,"column":15},"end":{"line":3,"column":32}},"3":{"start":{"line":4,"column":18},"end":{"line":4,"column":47}},"4":{"start":{"line":5,"column":18},"end":{"line":5,"column":47}},"5":{"start":{"line":7,"column":20},"end":{"line":7,"column":47}},"6":{"start":{"line":8,"column":19},"end":{"line":8,"column":49}},"7":{"start":{"line":9,"column":19},"end":{"line":9,"column":49}},"8":{"start":{"line":10,"column":24},"end":{"line":10,"column":63}},"9":{"start":{"line":12,"column":12},"end":{"line":12,"column":21}},"10":{"start":{"line":14,"column":0},"end":{"line":14,"column":24}},"11":{"start":{"line":15,"column":0},"end":{"line":15,"column":18}},"12":{"start":{"line":16,"column":0},"end":{"line":18,"column":4}},"13":{"start":{"line":21,"column":22},"end":{"line":25,"column":2}},"14":{"start":{"line":28,"column":20},"end":{"line":32,"column":2}},"15":{"start":{"line":34,"column":0},"end":{"line":34,"column":31}},"16":{"start":{"line":35,"column":0},"end":{"line":35,"column":34}},"17":{"start":{"line":37,"column":0},"end":{"line":37,"column":33}},"18":{"start":{"line":38,"column":0},"end":{"line":38,"column":34}},"19":{"start":{"line":40,"column":0},"end":{"line":42,"column":4}},"20":{"start":{"line":44,"column":0},"end":{"line":46,"column":3}},"21":{"start":{"line":45,"column":4},"end":{"line":45,"column":69}},"22":{"start":{"line":48,"column":0},"end":{"line":50,"column":3}},"23":{"start":{"line":49,"column":4},"end":{"line":49,"column":55}},"24":{"start":{"line":52,"column":0},"end":{"line":52,"column":25}},"25":{"start":{"line":54,"column":0},"end":{"line":54,"column":21}}},"fnMap":{"0":{"name":"(anonymous_0)","decl":{"start":{"line":44,"column":19},"end":{"line":44,"column":20}},"loc":{"start":{"line":44,"column":33},"end":{"line":46,"column":1}},"line":44},"1":{"name":"(anonymous_1)","decl":{"start":{"line":48,"column":8},"end":{"line":48,"column":9}},"loc":{"start":{"line":48,"column":22},"end":{"line":50,"column":1}},"line":48}},"branchMap":{"0":{"loc":{"start":{"line":17,"column":12},"end":{"line":17,"column":45}},"type":"binary-expr","locations":[{"start":{"line":17,"column":12},"end":{"line":17,"column":38}},{"start":{"line":17,"column":42},"end":{"line":17,"column":45}}],"line":17}},"s":{"0":2,"1":2,"2":2,"3":2,"4":2,"5":2,"6":2,"7":2,"8":2,"9":2,"10":2,"11":2,"12":2,"13":2,"14":2,"15":2,"16":2,"17":2,"18":2,"19":2,"20":2,"21":0,"22":2,"23":0,"24":2,"25":2},"f":{"0":0,"1":0},"b":{"0":[2,2]},"_coverageSchema":"1a1c01bbd47fc00a2c39e90264f33305004495a9","hash":"d9d61896933f1a13cfecf5de3fc2ba6b504df440"}
,"C:\\Users\\aryan\\OneDrive\\Desktop\\Notes-API\\src\\db.js": {"path":"C:\\Users\\aryan\\OneDrive\\Desktop\\Notes-API\\src\\db.js","statementMap":{"0":{"start":{"line":1,"column":17},"end":{"line":1,"column":36}},"1":{"start":{"line":3,"column":18},"end":{"line":11,"column":1}},"2":{"start":{"line":4,"column":4},"end":{"line":10,"column":5}},"3":{"start":{"line":5,"column":8},"end":{"line":5,"column":54}},"4":{"start":{"line":6,"column":8},"end":{"line":6,"column":41}},"5":{"start":{"line":8,"column":8},"end":{"line":8,"column":59}},"6":{"start":{"line":9,"column":8},"end":{"line":9,"column":24}},"7":{"start":{"line":13,"column":0},"end":{"line":13,"column":27}}},"fnMap":{"0":{"name":"(anonymous_0)","decl":{"start":{"line":3,"column":18},"end":{"line":3,"column":19}},"loc":{"start":{"line":3,"column":30},"end":{"line":11,"column":1}},"line":3}},"branchMap":{},"s":{"0":0,"1":0,"2":0,"3":0,"4":0,"5":0,"6":0,"7":0},"f":{"0":0},"b":{}}
,"C:\\Users\\aryan\\OneDrive\\Desktop\\Notes-API\\src\\config\\swagger.js": {"path":"C:\\Users\\aryan\\OneDrive\\Desktop\\Notes-API\\src\\config\\swagger.js","statementMap":{"0":{"start":{"line":1,"column":21},"end":{"line":1,"column":45}},"1":{"start":{"line":3,"column":16},"end":{"line":29,"column":1}},"2":{"start":{"line":31,"column":20},"end":{"line":31,"column":41}},"3":{"start":{"line":33,"column":0},"end":{"line":33,"column":29}}},"fnMap":{},"branchMap":{"0":{"loc":{"start":{"line":13,"column":21},"end":{"line":13,"column":68}},"type":"binary-expr","locations":[{"start":{"line":13,"column":21},"end":{"line":13,"column":41}},{"start":{"line":13,"column":45},"end":{"line":13,"column":68}}],"line":13},"1":{"loc":{"start":{"line":14,"column":29},"end":{"line":14,"column":94}},"type":"cond-expr","locations":[{"start":{"line":14,"column":52},"end":{"line":14,"column":71}},{"start":{"line":14,"column":74},"end":{"line":14,"column":94}}],"line":14}},"s":{"0":2,"1":2,"2":2,"3":2},"f":{},"b":{"0":[2,2],"1":[0,2]},"_coverageSchema":"1a1c01bbd47fc00a2c39e90264f33305004495a9","hash":"5fb0d14a094a7c32f34408375092cf1e59bfd894"}
,"C:\\Users\\aryan\\OneDrive\\Desktop\\Notes-API\\src\\controllers\\authController.js": {"path":"C:\\Users\\aryan\\OneDrive\\Desktop\\Notes-API\\src\\controllers\\authController.js","statementMap":{"0":{"start":{"line":1,"column":13},"end":{"line":1,"column":38}},"1":{"start":{"line":2,"column":15},"end":{"line":2,"column":34}},"2":{"start":{"line":3,"column":12},"end":{"line":3,"column":35}},"3":{"start":{"line":5,"column":17},"end":{"line":33,"column":1}},"4":{"start":{"line":6,"column":4},"end":{"line":32,"column":5}},"5":{"start":{"line":7,"column":42},"end":{"line":7,"column":50}},"6":{"start":{"line":10,"column":32},"end":{"line":10,"column":58}},"7":{"start":{"line":12,"column":29},"end":{"line":12,"column":75}},"8":{"start":{"line":13,"column":8},"end":{"line":15,"column":9}},"9":{"start":{"line":14,"column":12},"end":{"line":14,"column":76}},"10":{"start":{"line":17,"column":31},"end":{"line":17,"column":62}},"11":{"start":{"line":18,"column":28},"end":{"line":22,"column":10}},"12":{"start":{"line":24,"column":8},"end":{"line":29,"column":11}},"13":{"start":{"line":31,"column":8},"end":{"line":31,"column":20}},"14":{"start":{"line":35,"column":14},"end":{"line":56,"column":1}},"15":{"start":{"line":36,"column":4},"end":{"line":55,"column":5}},"16":{"start":{"line":37,"column":36},"end":{"line":37,"column":44}},"17":{"start":{"line":39,"column":32},"end":{"line":39,"column":58}},"18":{"start":{"line":41,"column":21},"end":{"line":41,"column":67}},"19":{"start":{"line":42,"column":8},"end":{"line":44,"column":9}},"20":{"start":{"line":43,"column":12},"end":{"line":43,"column":76}},"21":{"start":{"line":46,"column":24},"end":{"line":46,"column":69}},"22":{"start":{"line":47,"column":8},"end":{"line":49,"column":9}},"23":{"start":{"line":48,"column":12},"end":{"line":48,"column":76}},"24":{"start":{"line":51,"column":22},"end":{"line":51,"column":93}},"25":{"start":{"line":52,"column":8},"end":{"line":52,"column":28}},"26":{"start":{"line":54,"column":8},"end":{"line":54,"column":20}},"27":{"start":{"line":58,"column":14},"end":{"line":68,"column":1}},"28":{"start":{"line":59,"column":4},"end":{"line":67,"column":5}},"29":{"start":{"line":60,"column":21},"end":{"line":60,"column":73}},"30":{"start":{"line":61,"column":8},"end":{"line":63,"column":9}},"31":{"start":{"line":62,"column":12},"end":{"line":62,"column":71}},"32":{"start":{"line":64,"column":8},"end":{"line":64,"column":27}},"33":{"start":{"line":66,"column":8},"end":{"line":66,"column":20}},"34":{"start":{"line":70,"column":0},"end":{"line":70,"column":44}}},"fnMap":{"0":{"name":"(anonymous_0)","decl":{"start":{"line":5,"column":17},"end":{"line":5,"column":18}},"loc":{"start":{"line":5,"column":43},"end":{"line":33,"column":1}},"line":5},"1":{"name":"(anonymous_1)","decl":{"start":{"line":35,"column":14},"end":{"line":35,"column":15}},"loc":{"start":{"line":35,"column":40},"end":{"line":56,"column":1}},"line":35},"2":{"name":"(anonymous_2)","decl":{"start":{"line":58,"column":14},"end":{"line":58,"column":15}},"loc":{"start":{"line":58,"column":40},"end":{"line":68,"column":1}},"line":58}},"branchMap":{"0":{"loc":{"start":{"line":13,"column":8},"end":{"line":15,"column":9}},"type":"if","locations":[{"start":{"line":13,"column":8},"end":{"line":15,"column":9}},{"start":{},"end":{}}],"line":13},"1":{"loc":{"start":{"line":42,"column":8},"end":{"line":44,"column":9}},"type":"if","locations":[{"start":{"line":42,"column":8},"end":{"line":44,"column":9}},{"start":{},"end":{}}],"line":42},"2":{"loc":{"start":{"line":47,"column":8},"end":{"line":49,"column":9}},"type":"if","locations":[{"start":{"line":47,"column":8},"end":{"line":49,"column":9}},{"start":{},"end":{}}],"line":47},"3":{"loc":{"start":{"line":61,"column":8},"end":{"line":63,"column":9}},"type":"if","locations":[{"start":{"line":61,"column":8},"end":{"line":63,"column":9}},{"start":{},"end":{}}],"line":61}},"s":{"0":2,"1":2,"2":2,"3":2,"4":13,"5":13,"6":13,"7":13,"8":13,"9":1,"10":12,"11":12,"12":12,"13":0,"14":2,"15":10,"16":10,"17":10,"18":10,"19":10,"20":0,"21":10,"22":10,"23":1,"24":9,"25":9,"26":0,"27":2,"28":0,"29":0,"30":0,"31":0,"32":0,"33":0,"34":2},"f":{"0":13,"1":10,"2":0},"b":{"0":[1,12],"1":[0,10],"2":[1,9],"3":[0,0]},"_coverageSchema":"1a1c01bbd47fc00a2c39e90264f33305004495a9","hash":"bd598ceef3cb9166afe1a574d61f6956f7c873b0"}
,"C:\\Users\\aryan\\OneDrive\\Desktop\\Notes-API\\src\\controllers\\noteController.js": {"path":"C:\\Users\\aryan\\OneDrive\\Desktop\\Notes-API\\src\\controllers\\noteController.js","statementMap":{"0":{"start":{"line":1,"column":17},"end":{"line":1,"column":36}},"1":{"start":{"line":2,"column":13},"end":{"line":2,"column":38}},"2":{"start":{"line":5,"column":18},"end":{"line":5,"column":61}},"3":{"start":{"line":5,"column":26},"end":{"line":5,"column":61}},"4":{"start":{"line":7,"column":19},"end":{"line":15,"column":1}},"5":{"start":{"line":8,"column":4},"end":{"line":14,"column":5}},"6":{"start":{"line":9,"column":35},"end":{"line":9,"column":43}},"7":{"start":{"line":10,"column":21},"end":{"line":10,"column":79}},"8":{"start":{"line":11,"column":8},"end":{"line":11,"column":35}},"9":{"start":{"line":13,"column":8},"end":{"line":13,"column":20}},"10":{"start":{"line":17,"column":20},"end":{"line":24,"column":1}},"11":{"start":{"line":18,"column":4},"end":{"line":23,"column":5}},"12":{"start":{"line":19,"column":22},"end":{"line":19,"column":62}},"13":{"start":{"line":20,"column":8},"end":{"line":20,"column":24}},"14":{"start":{"line":22,"column":8},"end":{"line":22,"column":20}},"15":{"start":{"line":26,"column":19},"end":{"line":41,"column":1}},"16":{"start":{"line":27,"column":4},"end":{"line":40,"column":5}},"17":{"start":{"line":28,"column":8},"end":{"line":30,"column":9}},"18":{"start":{"line":29,"column":12},"end":{"line":29,"column":72}},"19":{"start":{"line":32,"column":21},"end":{"line":32,"column":84}},"20":{"start":{"line":33,"column":8},"end":{"line":35,"column":9}},"21":{"start":{"line":34,"column":12},"end":{"line":34,"column":71}},"22":{"start":{"line":37,"column":8},"end":{"line":37,"column":23}},"23":{"start":{"line":39,"column":8},"end":{"line":39,"column":20}},"24":{"start":{"line":43,"column":19},"end":{"line":66,"column":1}},"25":{"start":{"line":44,"column":4},"end":{"line":65,"column":5}},"26":{"start":{"line":45,"column":8},"end":{"line":47,"column":9}},"27":{"start":{"line":46,"column":12},"end":{"line":46,"column":72}},"28":{"start":{"line":49,"column":35},"end":{"line":49,"column":43}},"29":{"start":{"line":52,"column":28},"end":{"line":56,"column":9}},"30":{"start":{"line":58,"column":8},"end":{"line":60,"column":9}},"31":{"start":{"line":59,"column":12},"end":{"line":59,"column":71}},"32":{"start":{"line":62,"column":8},"end":{"line":62,"column":30}},"33":{"start":{"line":64,"column":8},"end":{"line":64,"column":20}},"34":{"start":{"line":68,"column":19},"end":{"line":88,"column":1}},"35":{"start":{"line":69,"column":4},"end":{"line":87,"column":5}},"36":{"start":{"line":70,"column":8},"end":{"line":72,"column":9}},"37":{"start":{"line":71,"column":12},"end":{"line":71,"column":72}},"38":{"start":{"line":75,"column":28},"end":{"line":78,"column":10}},"39":{"start":{"line":80,"column":8},"end":{"line":82,"column":9}},"40":{"start":{"line":81,"column":12},"end":{"line":81,"column":71}},"41":{"start":{"line":84,"column":8},"end":{"line":84,"column":46}},"42":{"start":{"line":86,"column":8},"end":{"line":86,"column":20}},"43":{"start":{"line":90,"column":0},"end":{"line":90,"column":81}}},"fnMap":{"0":{"name":"(anonymous_0)","decl":{"start":{"line":5,"column":18},"end":{"line":5,"column":19}},"loc":{"start":{"line":5,"column":26},"end":{"line":5,"column":61}},"line":5},"1":{"name":"(anonymous_1)","decl":{"start":{"line":7,"column":19},"end":{"line":7,"column":20}},"loc":{"start":{"line":7,"column":45},"end":{"line":15,"column":1}},"line":7},"2":{"name":"(anonymous_2)","decl":{"start":{"line":17,"column":20},"end":{"line":17,"column":21}},"loc":{"start":{"line":17,"column":46},"end":{"line":24,"column":1}},"line":17},"3":{"name":"(anonymous_3)","decl":{"start":{"line":26,"column":19},"end":{"line":26,"column":20}},"loc":{"start":{"line":26,"column":45},"end":{"line":41,"column":1}},"line":26},"4":{"name":"(anonymous_4)","decl":{"start":{"line":43,"column":19},"end":{"line":43,"column":20}},"loc":{"start":{"line":43,"column":45},"end":{"line":66,"column":1}},"line":43},"5":{"name":"(anonymous_5)","decl":{"start":{"line":68,"column":19},"end":{"line":68,"column":20}},"loc":{"start":{"line":68,"column":45},"end":{"line":88,"column":1}},"line":68}},"branchMap":{"0":{"loc":{"start":{"line":28,"column":8},"end":{"line":30,"column":9}},"type":"if","locations":[{"start":{"line":28,"column":8},"end":{"line":30,"column":9}},{"start":{},"end":{}}],"line":28},"1":{"loc":{"start":{"line":33,"column":8},"end":{"line":35,"column":9}},"type":"if","locations":[{"start":{"line":33,"column":8},"end":{"line":35,"column":9}},{"start":{},"end":{}}],"line":33},"2":{"loc":{"start":{"line":45,"column":8},"end":{"line":47,"column":9}},"type":"if","locations":[{"start":{"line":45,"column":8},"end":{"line":47,"column":9}},{"start":{},"end":{}}],"line":45},"3":{"loc":{"start":{"line":58,"column":8},"end":{"line":60,"column":9}},"type":"if","locations":[{"start":{"line":58,"column":8},"end":{"line":60,"column":9}},{"start":{},"end":{}}],"line":58},"4":{"loc":{"start":{"line":70,"column":8},"end":{"line":72,"column":9}},"type":"if","locations":[{"start":{"line":70,"column":8},"end":{"line":72,"column":9}},{"start":{},"end":{}}],"line":70},"5":{"loc":{"start":{"line":80,"column":8},"end":{"line":82,"column":9}},"type":"if","locations":[{"start":{"line":80,"column":8},"end":{"line":82,"column":9}},{"start":{},"end":{}}],"line":80}},"s":{"0":2,"1":2,"2":2,"3":4,"4":2,"5":6,"6":6,"7":6,"8":6,"9":0,"10":2,"11":1,"12":1,"13":1,"14":0,"15":2,"16":1,"17":1,"18":0,"19":1,"20":1,"21":0,"22":1,"23":0,"24":2,"25":2,"26":2,"27":0,"28":2,"29":2,"30":2,"31":1,"32":1,"33":0,"34":2,"35":1,"36":1,"37":0,"38":1,"39":1,"40":0,"41":1,"42":0,"43":2},"f":{"0":4,"1":6,"2":1,"3":1,"4":2,"5":1},"b":{"0":[0,1],"1":[0,1],"2":[0,2],"3":[1,1],"4":[0,1],"5":[0,1]},"_coverageSchema":"1a1c01bbd47fc00a2c39e90264f33305004495a9","hash":"70266270f8550b143974ac85edabf4e2fccbf44d"}
,"C:\\Users\\aryan\\OneDrive\\Desktop\\Notes-API\\src\\middleware\\authMiddleware.js": {"path":"C:\\Users\\aryan\\OneDrive\\Desktop\\Notes-API\\src\\middleware\\authMiddleware.js","statementMap":{"0":{"start":{"line":1,"column":12},"end":{"line":1,"column":35}},"1":{"start":{"line":3,"column":23},"end":{"line":19,"column":1}},"2":{"start":{"line":4,"column":4},"end":{"line":18,"column":5}},"3":{"start":{"line":5,"column":27},"end":{"line":5,"column":52}},"4":{"start":{"line":7,"column":8},"end":{"line":9,"column":9}},"5":{"start":{"line":8,"column":12},"end":{"line":8,"column":75}},"6":{"start":{"line":11,"column":22},"end":{"line":11,"column":46}},"7":{"start":{"line":12,"column":24},"end":{"line":12,"column":65}},"8":{"start":{"line":14,"column":8},"end":{"line":14,"column":38}},"9":{"start":{"line":15,"column":8},"end":{"line":15,"column":15}},"10":{"start":{"line":17,"column":8},"end":{"line":17,"column":70}},"11":{"start":{"line":21,"column":0},"end":{"line":21,"column":32}}},"fnMap":{"0":{"name":"(anonymous_0)","decl":{"start":{"line":3,"column":23},"end":{"line":3,"column":24}},"loc":{"start":{"line":3,"column":43},"end":{"line":19,"column":1}},"line":3}},"branchMap":{"0":{"loc":{"start":{"line":7,"column":8},"end":{"line":9,"column":9}},"type":"if","locations":[{"start":{"line":7,"column":8},"end":{"line":9,"column":9}},{"start":{},"end":{}}],"line":7},"1":{"loc":{"start":{"line":7,"column":12},"end":{"line":7,"column":60}},"type":"binary-expr","locations":[{"start":{"line":7,"column":12},"end":{"line":7,"column":23}},{"start":{"line":7,"column":27},"end":{"line":7,"column":60}}],"line":7}},"s":{"0":2,"1":2,"2":12,"3":12,"4":12,"5":1,"6":11,"7":11,"8":11,"9":11,"10":0,"11":2},"f":{"0":12},"b":{"0":[1,11],"1":[12,11]},"_coverageSchema":"1a1c01bbd47fc00a2c39e90264f33305004495a9","hash":"6d02f07661f911119a84089b2aa0873a1797e015"}
,"C:\\Users\\aryan\\OneDrive\\Desktop\\Notes-API\\src\\middleware\\errorMiddleware.js": {"path":"C:\\Users\\aryan\\OneDrive\\Desktop\\Notes-API\\src\\middleware\\errorMiddleware.js","statementMap":{"0":{"start":{"line":1,"column":24},"end":{"line":14,"column":1}},"1":{"start":{"line":2,"column":23},"end":{"line":2,"column":58}},"2":{"start":{"line":3,"column":26},"end":{"line":3,"column":43}},"3":{"start":{"line":5,"column":4},"end":{"line":7,"column":5}},"4":{"start":{"line":6,"column":8},"end":{"line":6,"column":27}},"5":{"start":{"line":9,"column":4},"end":{"line":13,"column":7}},"6":{"start":{"line":16,"column":0},"end":{"line":16,"column":33}}},"fnMap":{"0":{"name":"(anonymous_0)","decl":{"start":{"line":1,"column":24},"end":{"line":1,"column":25}},"loc":{"start":{"line":1,"column":50},"end":{"line":14,"column":1}},"line":1}},"branchMap":{"0":{"loc":{"start":{"line":2,"column":23},"end":{"line":2,"column":58}},"type":"binary-expr","locations":[{"start":{"line":2,"column":23},"end":{"line":2,"column":37}},{"start":{"line":2,"column":41},"end":{"line":2,"column":51}},{"start":{"line":2,"column":55},"end":{"line":2,"column":58}}],"line":2},"1":{"loc":{"start":{"line":5,"column":4},"end":{"line":7,"column":5}},"type":"if","locations":[{"start":{"line":5,"column":4},"end":{"line":7,"column":5}},{"start":{},"end":{}}],"line":5},"2":{"loc":{"start":{"line":10,"column":17},"end":{"line":12,"column":51}},"type":"cond-expr","locations":[{"start":{"line":11,"column":14},"end":{"line":11,"column":37}},{"start":{"line":12,"column":14},"end":{"line":12,"column":51}}],"line":10},"3":{"loc":{"start":{"line":12,"column":14},"end":{"line":12,"column":51}},"type":"binary-expr","locations":[{"start":{"line":12,"column":14},"end":{"line":12,"column":25}},{"start":{"line":12,"column":29},"end":{"line":12,"column":51}}],"line":12}},"s":{"0":2,"1":0,"2":0,"3":0,"4":0,"5":0,"6":2},"f":{"0":0},"b":{"0":[0,0,0],"1":[0,0],"2":[0,0],"3":[0,0]},"_coverageSchema":"1a1c01bbd47fc00a2c39e90264f33305004495a9","hash":"e5677e9f30a5a21039e661eb6935e81800d67e29"}
,"C:\\Users\\aryan\\OneDrive\\Desktop\\Notes-API\\src\\middleware\\validateMiddleware.js": {"path":"C:\\Users\\aryan\\OneDrive\\Desktop\\Notes-API\\src\\middleware\\validateMiddleware.js","statementMap":{"0":{"start":{"line":1,"column":17},"end":{"line":15,"column":1}},"1":{"start":{"line":2,"column":4},"end":{"line":14,"column":6}},"2":{"start":{"line":3,"column":23},"end":{"line":3,"column":52}},"3":{"start":{"line":5,"column":8},"end":{"line":10,"column":9}},"4":{"start":{"line":6,"column":12},"end":{"line":9,"column":15}},"5":{"start":{"line":8,"column":53},"end":{"line":8,"column":62}},"6":{"start":{"line":12,"column":8},"end":{"line":12,"column":34}},"7":{"start":{"line":13,"column":8},"end":{"line":13,"column":15}},"8":{"start":{"line":17,"column":0},"end":{"line":17,"column":30}}},"fnMap":{"0":{"name":"(anonymous_0)","decl":{"start":{"line":1,"column":17},"end":{"line":1,"column":18}},"loc":{"start":{"line":1,"column":46},"end":{"line":15,"column":1}},"line":1},"1":{"name":"(anonymous_1)","decl":{"start":{"line":2,"column":11},"end":{"line":2,"column":12}},"loc":{"start":{"line":2,"column":31},"end":{"line":14,"column":5}},"line":2},"2":{"name":"(anonymous_2)","decl":{"start":{"line":8,"column":48},"end":{"line":8,"column":49}},"loc":{"start":{"line":8,"column":53},"end":{"line":8,"column":62}},"line":8}},"branchMap":{"0":{"loc":{"start":{"line":1,"column":26},"end":{"line":1,"column":41}},"type":"default-arg","locations":[{"start":{"line":1,"column":35},"end":{"line":1,"column":41}}],"line":1},"1":{"loc":{"start":{"line":5,"column":8},"end":{"line":10,"column":9}},"type":"if","locations":[{"start":{"line":5,"column":8},"end":{"line":10,"column":9}},{"start":{},"end":{}}],"line":5}},"s":{"0":2,"1":8,"2":31,"3":31,"4":0,"5":0,"6":31,"7":31,"8":2},"f":{"0":8,"1":31,"2":0},"b":{"0":[8],"1":[0,31]},"_coverageSchema":"1a1c01bbd47fc00a2c39e90264f33305004495a9","hash":"6c7f513ff4b245735754883f273933139da4f97f"}
,"C:\\Users\\aryan\\OneDrive\\Desktop\\Notes-API\\src\\models\\Note.js": {"path":"C:\\Users\\aryan\\OneDrive\\Desktop\\Notes-API\\src\\models\\Note.js","statementMap":{"0":{"start":{"line":1,"column":17},"end":{"line":1,"column":36}},"1":{"start":{"line":3,"column":19},"end":{"line":24,"column":1}},"2":{"start":{"line":26,"column":13},"end":{"line":26,"column":47}},"3":{"start":{"line":28,"column":0},"end":{"line":28,"column":22}}},"fnMap":{},"branchMap":{},"s":{"0":2,"1":2,"2":2,"3":2},"f":{},"b":{},"_coverageSchema":"1a1c01bbd47fc00a2c39e90264f33305004495a9","hash":"decb27f0e36bb1865baaa0ff0c90fac2263a7b22"}
,"C:\\Users\\aryan\\OneDrive\\Desktop\\Notes-API\\src\\models\\User.js": {"path":"C:\\Users\\aryan\\OneDrive\\Desktop\\Notes-API\\src\\models\\User.js","statementMap":{"0":{"start":{"line":1,"column":17},"end":{"line":1,"column":36}},"1":{"start":{"line":3,"column":19},"end":{"line":24,"column":1}},"2":{"start":{"line":26,"column":13},"end":{"line":26,"column":47}},"3":{"start":{"line":28,"column":0},"end":{"line":28,"column":22}}},"fnMap":{},"branchMap":{},"s":{"0":2,"1":2,"2":2,"3":2},"f":{},"b":{},"_coverageSchema":"1a1c01bbd47fc00a2c39e90264f33305004495a9","hash":"9b9105b37b4331e07f4069dd55da8f6195f08563"}
,"C:\\Users\\aryan\\OneDrive\\Desktop\\Notes-API\\src\\routes\\authRoutes.js": {"path":"C:\\Users\\aryan\\OneDrive\\Desktop\\Notes-API\\src\\routes\\authRoutes.js","statementMap":{"0":{"start":{"line":1,"column":16},"end":{"line":1,"column":34}},"1":{"start":{"line":2,"column":15},"end":{"line":2,"column":31}},"2":{"start":{"line":4,"column":35},"end":{"line":4,"column":75}},"3":{"start":{"line":5,"column":23},"end":{"line":5,"column":62}},"4":{"start":{"line":6,"column":21},"end":{"line":6,"column":64}},"5":{"start":{"line":7,"column":40},"end":{"line":7,"column":78}},"6":{"start":{"line":38,"column":0},"end":{"line":38,"column":61}},"7":{"start":{"line":66,"column":0},"end":{"line":66,"column":52}},"8":{"start":{"line":84,"column":0},"end":{"line":84,"column":41}},"9":{"start":{"line":86,"column":0},"end":{"line":86,"column":24}}},"fnMap":{},"branchMap":{},"s":{"0":2,"1":2,"2":2,"3":2,"4":2,"5":2,"6":2,"7":2,"8":2,"9":2},"f":{},"b":{},"_coverageSchema":"1a1c01bbd47fc00a2c39e90264f33305004495a9","hash":"c5a1cee3fc3a031c36837d8912ec1535d3927bce"}
,"C:\\Users\\aryan\\OneDrive\\Desktop\\Notes-API\\src\\routes\\noteRoutes.js": {"path":"C:\\Users\\aryan\\OneDrive\\Desktop\\Notes-API\\src\\routes\\noteRoutes.js","statementMap":{"0":{"start":{"line":1,"column":16},"end":{"line":1,"column":34}},"1":{"start":{"line":2,"column":15},"end":{"line":2,"column":31}},"2":{"start":{"line":4,"column":72},"end":{"line":4,"column":112}},"3":{"start":{"line":5,"column":23},"end":{"line":5,"column":62}},"4":{"start":{"line":6,"column":21},"end":{"line":6,"column":64}},"5":{"start":{"line":7,"column":23},"end":{"line":7,"column":61}},"6":{"start":{"line":43,"column":0},"end":{"line":43,"column":67}},"7":{"start":{"line":44,"column":0},"end":{"line":44,"column":45}},"8":{"start":{"line":104,"column":0},"end":{"line":104,"column":47}},"9":{"start":{"line":105,"column":0},"end":{"line":105,"column":69}},"10":{"start":{"line":106,"column":0},"end":{"line":106,"column":50}},"11":{"start":{"line":108,"column":0},"end":{"line":108,"column":24}}},"fnMap":{},"branchMap":{},"s":{"0":2,"1":2,"2":2,"3":2,"4":2,"5":2,"6":2,"7":2,"8":2,"9":2,"10":2,"11":2},"f":{},"b":{},"_coverageSchema":"1a1c01bbd47fc00a2c39e90264f33305004495a9","hash":"c588667529b4bad558ae444a8f9797b61b05b6d4"}
,"C:\\Users\\aryan\\OneDrive\\Desktop\\Notes-API\\src\\validators\\authValidator.js": {"path":"C:\\Users\\aryan\\OneDrive\\Desktop\\Notes-API\\src\\validators\\authValidator.js","statementMap":{"0":{"start":{"line":1,"column":10},"end":{"line":1,"column":24}},"1":{"start":{"line":3,"column":23},"end":{"line":13,"column":2}},"2":{"start":{"line":15,"column":20},"end":{"line":21,"column":2}},"3":{"start":{"line":23,"column":0},"end":{"line":23,"column":49}}},"fnMap":{},"branchMap":{},"s":{"0":2,"1":2,"2":2,"3":2},"f":{},"b":{},"_coverageSchema":"1a1c01bbd47fc00a2c39e90264f33305004495a9","hash":"f1007240253edeba7a701e94372d595ce89eee26"}
,"C:\\Users\\aryan\\OneDrive\\Desktop\\Notes-API\\src\\validators\\noteValidator.js": {"path":"C:\\Users\\aryan\\OneDrive\\Desktop\\Notes-API\\src\\validators\\noteValidator.js","statementMap":{"0":{"start":{"line":1,"column":10},"end":{"line":1,"column":24}},"1":{"start":{"line":3,"column":19},"end":{"line":11,"column":2}},"2":{"start":{"line":13,"column":0},"end":{"line":13,"column":32}}},"fnMap":{},"branchMap":{},"s":{"0":2,"1":2,"2":2},"f":{},"b":{},"_coverageSchema":"1a1c01bbd47fc00a2c39e90264f33305004495a9","hash":"ad773168b60e4a96109b361059eae4c4a4504e3a"}
}
