TN:
SF:src\app.js
FN:44,(anonymous_0)
FN:48,(anonymous_1)
FNF:2
FNH:0
FNDA:0,(anonymous_0)
FNDA:0,(anonymous_1)
DA:1,2
DA:2,2
DA:3,2
DA:4,2
DA:5,2
DA:7,2
DA:8,2
DA:9,2
DA:10,2
DA:12,2
DA:14,2
DA:15,2
DA:16,2
DA:21,2
DA:28,2
DA:34,2
DA:35,2
DA:37,2
DA:38,2
DA:40,2
DA:44,2
DA:45,0
DA:48,2
DA:49,0
DA:52,2
DA:54,2
LF:26
LH:24
BRDA:17,0,0,2
BRDA:17,0,1,2
BRF:2
BRH:2
end_of_record
TN:
SF:src\db.js
FN:3,(anonymous_0)
FNF:1
FNH:0
FNDA:0,(anonymous_0)
DA:1,0
DA:3,0
DA:4,0
DA:5,0
DA:6,0
DA:8,0
DA:9,0
DA:13,0
LF:8
LH:0
BRF:0
BRH:0
end_of_record
TN:
SF:src\config\swagger.js
FNF:0
FNH:0
DA:1,2
DA:3,2
DA:31,2
DA:33,2
LF:4
LH:4
BRDA:13,0,0,2
BRDA:13,0,1,2
BRDA:14,1,0,0
BRDA:14,1,1,2
BRF:4
BRH:3
end_of_record
TN:
SF:src\controllers\authController.js
FN:5,(anonymous_0)
FN:35,(anonymous_1)
FN:58,(anonymous_2)
FNF:3
FNH:2
FNDA:13,(anonymous_0)
FNDA:10,(anonymous_1)
FNDA:0,(anonymous_2)
DA:1,2
DA:2,2
DA:3,2
DA:5,2
DA:6,13
DA:7,13
DA:10,13
DA:12,13
DA:13,13
DA:14,1
DA:17,12
DA:18,12
DA:24,12
DA:31,0
DA:35,2
DA:36,10
DA:37,10
DA:39,10
DA:41,10
DA:42,10
DA:43,0
DA:46,10
DA:47,10
DA:48,1
DA:51,9
DA:52,9
DA:54,0
DA:58,2
DA:59,0
DA:60,0
DA:61,0
DA:62,0
DA:64,0
DA:66,0
DA:70,2
LF:35
LH:26
BRDA:13,0,0,1
BRDA:13,0,1,12
BRDA:42,1,0,0
BRDA:42,1,1,10
BRDA:47,2,0,1
BRDA:47,2,1,9
BRDA:61,3,0,0
BRDA:61,3,1,0
BRF:8
BRH:5
end_of_record
TN:
SF:src\controllers\noteController.js
FN:5,(anonymous_0)
FN:7,(anonymous_1)
FN:17,(anonymous_2)
FN:26,(anonymous_3)
FN:43,(anonymous_4)
FN:68,(anonymous_5)
FNF:6
FNH:6
FNDA:4,(anonymous_0)
FNDA:6,(anonymous_1)
FNDA:1,(anonymous_2)
FNDA:1,(anonymous_3)
FNDA:2,(anonymous_4)
FNDA:1,(anonymous_5)
DA:1,2
DA:2,2
DA:5,4
DA:7,2
DA:8,6
DA:9,6
DA:10,6
DA:11,6
DA:13,0
DA:17,2
DA:18,1
DA:19,1
DA:20,1
DA:22,0
DA:26,2
DA:27,1
DA:28,1
DA:29,0
DA:32,1
DA:33,1
DA:34,0
DA:37,1
DA:39,0
DA:43,2
DA:44,2
DA:45,2
DA:46,0
DA:49,2
DA:52,2
DA:58,2
DA:59,1
DA:62,1
DA:64,0
DA:68,2
DA:69,1
DA:70,1
DA:71,0
DA:75,1
DA:80,1
DA:81,0
DA:84,1
DA:86,0
DA:90,2
LF:43
LH:33
BRDA:28,0,0,0
BRDA:28,0,1,1
BRDA:33,1,0,0
BRDA:33,1,1,1
BRDA:45,2,0,0
BRDA:45,2,1,2
BRDA:58,3,0,1
BRDA:58,3,1,1
BRDA:70,4,0,0
BRDA:70,4,1,1
BRDA:80,5,0,0
BRDA:80,5,1,1
BRF:12
BRH:7
end_of_record
TN:
SF:src\middleware\authMiddleware.js
FN:3,(anonymous_0)
FNF:1
FNH:1
FNDA:12,(anonymous_0)
DA:1,2
DA:3,2
DA:4,12
DA:5,12
DA:7,12
DA:8,1
DA:11,11
DA:12,11
DA:14,11
DA:15,11
DA:17,0
DA:21,2
LF:12
LH:11
BRDA:7,0,0,1
BRDA:7,0,1,11
BRDA:7,1,0,12
BRDA:7,1,1,11
BRF:4
BRH:4
end_of_record
TN:
SF:src\middleware\errorMiddleware.js
FN:1,(anonymous_0)
FNF:1
FNH:0
FNDA:0,(anonymous_0)
DA:1,2
DA:2,0
DA:3,0
DA:5,0
DA:6,0
DA:9,0
DA:16,2
LF:7
LH:2
BRDA:2,0,0,0
BRDA:2,0,1,0
BRDA:2,0,2,0
BRDA:5,1,0,0
BRDA:5,1,1,0
BRDA:10,2,0,0
BRDA:10,2,1,0
BRDA:12,3,0,0
BRDA:12,3,1,0
BRF:9
BRH:0
end_of_record
TN:
SF:src\middleware\validateMiddleware.js
FN:1,(anonymous_0)
FN:2,(anonymous_1)
FN:8,(anonymous_2)
FNF:3
FNH:2
FNDA:8,(anonymous_0)
FNDA:31,(anonymous_1)
FNDA:0,(anonymous_2)
DA:1,2
DA:2,8
DA:3,31
DA:5,31
DA:6,0
DA:8,0
DA:12,31
DA:13,31
DA:17,2
LF:9
LH:7
BRDA:1,0,0,8
BRDA:5,1,0,0
BRDA:5,1,1,31
BRF:3
BRH:2
end_of_record
TN:
SF:src\models\Note.js
FNF:0
FNH:0
DA:1,2
DA:3,2
DA:26,2
DA:28,2
LF:4
LH:4
BRF:0
BRH:0
end_of_record
TN:
SF:src\models\User.js
FNF:0
FNH:0
DA:1,2
DA:3,2
DA:26,2
DA:28,2
LF:4
LH:4
BRF:0
BRH:0
end_of_record
TN:
SF:src\routes\authRoutes.js
FNF:0
FNH:0
DA:1,2
DA:2,2
DA:4,2
DA:5,2
DA:6,2
DA:7,2
DA:38,2
DA:66,2
DA:84,2
DA:86,2
LF:10
LH:10
BRF:0
BRH:0
end_of_record
TN:
SF:src\routes\noteRoutes.js
FNF:0
FNH:0
DA:1,2
DA:2,2
DA:4,2
DA:5,2
DA:6,2
DA:7,2
DA:43,2
DA:44,2
DA:104,2
DA:105,2
DA:106,2
DA:108,2
LF:12
LH:12
BRF:0
BRH:0
end_of_record
TN:
SF:src\validators\authValidator.js
FNF:0
FNH:0
DA:1,2
DA:3,2
DA:15,2
DA:23,2
LF:4
LH:4
BRF:0
BRH:0
end_of_record
TN:
SF:src\validators\noteValidator.js
FNF:0
FNH:0
DA:1,2
DA:3,2
DA:13,2
LF:3
LH:3
BRF:0
BRH:0
end_of_record
